<?xml version="1.0" encoding="UTF-8"?>
<testsuite xmlns:xsi="http://www.w3.org/2001/XMLSchema-instance" xsi:noNamespaceSchemaLocation="https://maven.apache.org/surefire/maven-surefire-plugin/xsd/surefire-test-report-3.0.xsd" version="3.0" name="util.EntradaUtilsTest" time="0.076" tests="5" errors="0" skipped="0" failures="0">
  <properties>
[...]
</properties>
  <testcase name="testEntradaFueraDeRangoLuegoValida" classname="util.EntradaUtilsTest" time="0.033">
    <system-out><![CDATA[Ingrese un número:Número fuera de rango. Intente nuevamente.
Ingrese un número:]]></system-out>
  </testcase>
  <testcase name="testEntradaValidaDentroDeRango" classname="util.EntradaUtilsTest" time="0.002">
    <system-out><![CDATA[Ingrese un número:]]></system-out>
  </testcase>
  <testcase name="testEntradaEnElLimiteInferior" classname="util.EntradaUtilsTest" time="0.001">
    <system-out><![CDATA[Ingrese un número:]]></system-out>
  </testcase>
  <testcase name="testEntradaNoEnteraLuegoValida" classname="util.EntradaUtilsTest" time="0.002">
    <system-out><![CDATA[Ingrese un número:Entrada inválida. Por favor, ingrese un número entero.
Ingrese un número:]]></system-out>
  </testcase>
  <testcase name="testEntradaEnElLimiteSuperior" classname="util.EntradaUtilsTest" time="0.002">
    <system-out><![CDATA[Ingrese un número:]]></system-out>
  </testcase>
</testsuite>